# JRE version: Java(TM) SE Runtime Environment (8.0_152-b16) (build 1.8.0_152-b16)
# Java VM: Java HotSpot(TM) 64-Bit Server VM (25.152-b16 mixed mode bsd-amd64 compressed oops)
Heap:
 PSYoungGen      total 330240K, used 76723K [0x00000007aab00000, 0x00000007c0000000, 0x00000007c0000000)
  eden space 311296K, 21% used [0x00000007aab00000,0x00000007aeb1a6c0,0x00000007bdb00000)
  from space 18944K, 58% used [0x00000007bdb00000,0x00000007be5d2818,0x00000007bed80000)
  to   space 18944K, 0% used [0x00000007bed80000,0x00000007bed80000,0x00000007c0000000)
 ParOldGen       total 76800K, used 37997K [0x0000000780000000, 0x0000000784b00000, 0x00000007aab00000)
  object space 76800K, 49% used [0x0000000780000000,0x000000078251b7a0,0x0000000784b00000)
 Metaspace       used 64989K, capacity 68164K, committed 68312K, reserved 1107968K
  class space    used 9179K, capacity 9722K, committed 9728K, reserved 1048576K
GC Heap History (10 events):
Event: 15.482 GC heap before
{Heap before GC invocations=14 (full 2):
 PSYoungGen      total 290304K, used 2409K [0x00000007aab00000, 0x00000007bd880000, 0x00000007c0000000)
  eden space 275968K, 0% used [0x00000007aab00000,0x00000007aab00000,0x00000007bb880000)
  from space 14336K, 16% used [0x00000007bc680000,0x00000007bc8da7e8,0x00000007bd480000)
  to   space 14336K, 0% used [0x00000007bb880000,0x00000007bb880000,0x00000007bc680000)
 ParOldGen       total 30720K, used 21100K [0x0000000780000000, 0x0000000781e00000, 0x00000007aab00000)
  object space 30720K, 68% used [0x0000000780000000,0x000000078149b340,0x0000000781e00000)
 Metaspace       used 33643K, capacity 35334K, committed 35456K, reserved 1079296K
  class space    used 4538K, capacity 4902K, committed 4992K, reserved 1048576K
Event: 15.782 GC heap after
Heap after GC invocations=14 (full 2):
 PSYoungGen      total 290304K, used 0K [0x00000007aab00000, 0x00000007bd880000, 0x00000007c0000000)
  eden space 275968K, 0% used [0x00000007aab00000,0x00000007aab00000,0x00000007bb880000)
  from space 14336K, 0% used [0x00000007bc680000,0x00000007bc680000,0x00000007bd480000)
  to   space 14336K, 0% used [0x00000007bb880000,0x00000007bb880000,0x00000007bc680000)
 ParOldGen       total 52736K, used 20160K [0x0000000780000000, 0x0000000783380000, 0x00000007aab00000)
  object space 52736K, 38% used [0x0000000780000000,0x00000007813b01f0,0x0000000783380000)
 Metaspace       used 33643K, capacity 35334K, committed 35456K, reserved 1079296K
  class space    used 4538K, capacity 4902K, committed 4992K, reserved 1048576K
}
Event: 22.051 GC heap before
{Heap before GC invocations=15 (full 2):
 PSYoungGen      total 290304K, used 275968K [0x00000007aab00000, 0x00000007bd880000, 0x00000007c0000000)
  eden space 275968K, 100% used [0x00000007aab00000,0x00000007bb880000,0x00000007bb880000)
  from space 14336K, 0% used [0x00000007bc680000,0x00000007bc680000,0x00000007bd480000)
  to   space 14336K, 0% used [0x00000007bb880000,0x00000007bb880000,0x00000007bc680000)
 ParOldGen       total 52736K, used 20160K [0x0000000780000000, 0x0000000783380000, 0x00000007aab00000)
  object space 52736K, 38% used [0x0000000780000000,0x00000007813b01f0,0x0000000783380000)
 Metaspace       used 46846K, capacity 48768K, committed 49024K, reserved 1091584K
  class space    used 6526K, capacity 6919K, committed 7040K, reserved 1048576K
Event: 22.140 GC heap after
Heap after GC invocations=15 (full 2):
 PSYoungGen      total 290304K, used 14319K [0x00000007aab00000, 0x00000007c0000000, 0x00000007c0000000)
  eden space 275968K, 0% used [0x00000007aab00000,0x00000007aab00000,0x00000007bb880000)
  from space 14336K, 99% used [0x00000007bb880000,0x00000007bc67bc70,0x00000007bc680000)
  to   space 16896K, 0% used [0x00000007bef80000,0x00000007bef80000,0x00000007c0000000)
 ParOldGen       total 52736K, used 21825K [0x0000000780000000, 0x0000000783380000, 0x00000007aab00000)
  object space 52736K, 41% used [0x0000000780000000,0x0000000781550578,0x0000000783380000)
 Metaspace       used 46846K, capacity 48768K, committed 49024K, reserved 1091584K
  class space    used 6526K, capacity 6919K, committed 7040K, reserved 1048576K
}
Event: 34.687 GC heap before
{Heap before GC invocations=16 (full 2):
 PSYoungGen      total 290304K, used 280354K [0x00000007aab00000, 0x00000007c0000000, 0x00000007c0000000)
  eden space 275968K, 96% used [0x00000007aab00000,0x00000007baeccf50,0x00000007bb880000)
  from space 14336K, 99% used [0x00000007bb880000,0x00000007bc67bc70,0x00000007bc680000)
  to   space 16896K, 0% used [0x00000007bef80000,0x00000007bef80000,0x00000007c0000000)
 ParOldGen       total 52736K, used 21825K [0x0000000780000000, 0x0000000783380000, 0x00000007aab00000)
  object space 52736K, 41% used [0x0000000780000000,0x0000000781550578,0x0000000783380000)
 Metaspace       used 56109K, capacity 59010K, committed 59096K, reserved 1099776K
  class space    used 7888K, capacity 8413K, committed 8448K, reserved 1048576K
Event: 34.913 GC heap after
Heap after GC invocations=16 (full 2):
 PSYoungGen      total 328192K, used 14976K [0x00000007aab00000, 0x00000007c0000000, 0x00000007c0000000)
  eden space 311296K, 0% used [0x00000007aab00000,0x00000007aab00000,0x00000007bdb00000)
  from space 16896K, 88% used [0x00000007bef80000,0x00000007bfe201b0,0x00000007c0000000)
  to   space 18944K, 0% used [0x00000007bdb00000,0x00000007bdb00000,0x00000007bed80000)
 ParOldGen       total 52736K, used 26900K [0x0000000780000000, 0x0000000783380000, 0x00000007aab00000)
  object space 52736K, 51% used [0x0000000780000000,0x0000000781a452d0,0x0000000783380000)
 Metaspace       used 56109K, capacity 59010K, committed 59096K, reserved 1099776K
  class space    used 7888K, capacity 8413K, committed 8448K, reserved 1048576K
}
Event: 34.913 GC heap before
{Heap before GC invocations=17 (full 3):
 PSYoungGen      total 328192K, used 14976K [0x00000007aab00000, 0x00000007c0000000, 0x00000007c0000000)
  eden space 311296K, 0% used [0x00000007aab00000,0x00000007aab00000,0x00000007bdb00000)
  from space 16896K, 88% used [0x00000007bef80000,0x00000007bfe201b0,0x00000007c0000000)
  to   space 18944K, 0% used [0x00000007bdb00000,0x00000007bdb00000,0x00000007bed80000)
 ParOldGen       total 52736K, used 26900K [0x0000000780000000, 0x0000000783380000, 0x00000007aab00000)
  object space 52736K, 51% used [0x0000000780000000,0x0000000781a452d0,0x0000000783380000)
 Metaspace       used 56109K, capacity 59010K, committed 59096K, reserved 1099776K
  class space    used 7888K, capacity 8413K, committed 8448K, reserved 1048576K
Event: 35.535 GC heap after
Heap after GC invocations=17 (full 3):
 PSYoungGen      total 328192K, used 0K [0x00000007aab00000, 0x00000007c0000000, 0x00000007c0000000)
  eden space 311296K, 0% used [0x00000007aab00000,0x00000007aab00000,0x00000007bdb00000)
  from space 16896K, 0% used [0x00000007bef80000,0x00000007bef80000,0x00000007c0000000)
  to   space 18944K, 0% used [0x00000007bdb00000,0x00000007bdb00000,0x00000007bed80000)
 ParOldGen       total 76800K, used 37989K [0x0000000780000000, 0x0000000784b00000, 0x00000007aab00000)
  object space 76800K, 49% used [0x0000000780000000,0x00000007825197a0,0x0000000784b00000)
 Metaspace       used 56102K, capacity 58998K, committed 59096K, reserved 1099776K
  class space    used 7886K, capacity 8411K, committed 8448K, reserved 1048576K
}
Event: 465.270 GC heap before
{Heap before GC invocations=18 (full 3):
 PSYoungGen      total 328192K, used 311296K [0x00000007aab00000, 0x00000007c0000000, 0x00000007c0000000)
  eden space 311296K, 100% used [0x00000007aab00000,0x00000007bdb00000,0x00000007bdb00000)
  from space 16896K, 0% used [0x00000007bef80000,0x00000007bef80000,0x00000007c0000000)
  to   space 18944K, 0% used [0x00000007bdb00000,0x00000007bdb00000,0x00000007bed80000)
 ParOldGen       total 76800K, used 37989K [0x0000000780000000, 0x0000000784b00000, 0x00000007aab00000)
  object space 76800K, 49% used [0x0000000780000000,0x00000007825197a0,0x0000000784b00000)
 Metaspace       used 63461K, capacity 66610K, committed 66904K, reserved 1105920K
  class space    used 8964K, capacity 9513K, committed 9600K, reserved 1048576K
Event: 465.654 GC heap after
Heap after GC invocations=18 (full 3):
 PSYoungGen      total 330240K, used 11082K [0x00000007aab00000, 0x00000007c0000000, 0x00000007c0000000)
  eden space 311296K, 0% used [0x00000007aab00000,0x00000007aab00000,0x00000007bdb00000)
  from space 18944K, 58% used [0x00000007bdb00000,0x00000007be5d2818,0x00000007bed80000)
  to   space 18944K, 0% used [0x00000007bed80000,0x00000007bed80000,0x00000007c0000000)
 ParOldGen       total 76800K, used 37997K [0x0000000780000000, 0x0000000784b00000, 0x00000007aab00000)
  object space 76800K, 49% used [0x0000000780000000,0x000000078251b7a0,0x0000000784b00000)
 Metaspace       used 63461K, capacity 66610K, committed 66904K, reserved 1105920K
  class space    used 8964K, capacity 9513K, committed 9600K, reserved 1048576K
}

