# JRE version: Java(TM) SE Runtime Environment (8.0_152-b16) (build 1.8.0_152-b16)
# Java VM: Java HotSpot(TM) 64-Bit Server VM (25.152-b16 mixed mode bsd-amd64 compressed oops)
Heap:
 PSYoungGen      total 207360K, used 133420K [0x00000007aab00000, 0x00000007bb400000, 0x00000007c0000000)
  eden space 195584K, 62% used [0x00000007aab00000,0x00000007b21d26c0,0x00000007b6a00000)
  from space 11776K, 99% used [0x00000007b6a00000,0x00000007b7578b30,0x00000007b7580000)
  to   space 14336K, 0% used [0x00000007ba600000,0x00000007ba600000,0x00000007bb400000)
 ParOldGen       total 59904K, used 24883K [0x0000000780000000, 0x0000000783a80000, 0x00000007aab00000)
  object space 59904K, 41% used [0x0000000780000000,0x000000078184cd20,0x0000000783a80000)
 Metaspace       used 50251K, capacity 52920K, committed 53120K, reserved 1095680K
  class space    used 7038K, capacity 7485K, committed 7552K, reserved 1048576K
GC Heap History (10 events):
Event: 11.559 GC heap before
{Heap before GC invocations=11 (full 1):
 PSYoungGen      total 136192K, used 136182K [0x00000007aab00000, 0x00000007b4880000, 0x00000007c0000000)
  eden space 129024K, 100% used [0x00000007aab00000,0x00000007b2900000,0x00000007b2900000)
  from space 7168K, 99% used [0x00000007b2900000,0x00000007b2ffd8b0,0x00000007b3000000)
  to   space 8192K, 0% used [0x00000007b4080000,0x00000007b4080000,0x00000007b4880000)
 ParOldGen       total 39424K, used 13832K [0x0000000780000000, 0x0000000782680000, 0x00000007aab00000)
  object space 39424K, 35% used [0x0000000780000000,0x0000000780d82000,0x0000000782680000)
 Metaspace       used 30564K, capacity 31774K, committed 31872K, reserved 1077248K
  class space    used 4183K, capacity 4461K, committed 4480K, reserved 1048576K
Event: 11.634 GC heap after
Heap after GC invocations=11 (full 1):
 PSYoungGen      total 150528K, used 8169K [0x00000007aab00000, 0x00000007b6b00000, 0x00000007c0000000)
  eden space 142336K, 0% used [0x00000007aab00000,0x00000007aab00000,0x00000007b3600000)
  from space 8192K, 99% used [0x00000007b4080000,0x00000007b487a768,0x00000007b4880000)
  to   space 10752K, 0% used [0x00000007b3600000,0x00000007b3600000,0x00000007b4080000)
 ParOldGen       total 39424K, used 18815K [0x0000000780000000, 0x0000000782680000, 0x00000007aab00000)
  object space 39424K, 47% used [0x0000000780000000,0x000000078125ff10,0x0000000782680000)
 Metaspace       used 30564K, capacity 31774K, committed 31872K, reserved 1077248K
  class space    used 4183K, capacity 4461K, committed 4480K, reserved 1048576K
}
Event: 12.554 GC heap before
{Heap before GC invocations=12 (full 1):
 PSYoungGen      total 150528K, used 99206K [0x00000007aab00000, 0x00000007b6b00000, 0x00000007c0000000)
  eden space 142336K, 63% used [0x00000007aab00000,0x00000007b03e7128,0x00000007b3600000)
  from space 8192K, 99% used [0x00000007b4080000,0x00000007b487a768,0x00000007b4880000)
  to   space 10752K, 0% used [0x00000007b3600000,0x00000007b3600000,0x00000007b4080000)
 ParOldGen       total 39424K, used 18815K [0x0000000780000000, 0x0000000782680000, 0x00000007aab00000)
  object space 39424K, 47% used [0x0000000780000000,0x000000078125ff10,0x0000000782680000)
 Metaspace       used 33917K, capacity 35454K, committed 35496K, reserved 1079296K
  class space    used 4577K, capacity 4861K, committed 4864K, reserved 1048576K
Event: 12.632 GC heap after
Heap after GC invocations=12 (full 1):
 PSYoungGen      total 153088K, used 7379K [0x00000007aab00000, 0x00000007b8380000, 0x00000007c0000000)
  eden space 142336K, 0% used [0x00000007aab00000,0x00000007aab00000,0x00000007b3600000)
  from space 10752K, 68% used [0x00000007b3600000,0x00000007b3d34fc0,0x00000007b4080000)
  to   space 11264K, 0% used [0x00000007b7880000,0x00000007b7880000,0x00000007b8380000)
 ParOldGen       total 39424K, used 26410K [0x0000000780000000, 0x0000000782680000, 0x00000007aab00000)
  object space 39424K, 66% used [0x0000000780000000,0x00000007819caad8,0x0000000782680000)
 Metaspace       used 33917K, capacity 35454K, committed 35496K, reserved 1079296K
  class space    used 4577K, capacity 4861K, committed 4864K, reserved 1048576K
}
Event: 12.632 GC heap before
{Heap before GC invocations=13 (full 2):
 PSYoungGen      total 153088K, used 7379K [0x00000007aab00000, 0x00000007b8380000, 0x00000007c0000000)
  eden space 142336K, 0% used [0x00000007aab00000,0x00000007aab00000,0x00000007b3600000)
  from space 10752K, 68% used [0x00000007b3600000,0x00000007b3d34fc0,0x00000007b4080000)
  to   space 11264K, 0% used [0x00000007b7880000,0x00000007b7880000,0x00000007b8380000)
 ParOldGen       total 39424K, used 26410K [0x0000000780000000, 0x0000000782680000, 0x00000007aab00000)
  object space 39424K, 66% used [0x0000000780000000,0x00000007819caad8,0x0000000782680000)
 Metaspace       used 33917K, capacity 35454K, committed 35496K, reserved 1079296K
  class space    used 4577K, capacity 4861K, committed 4864K, reserved 1048576K
Event: 12.924 GC heap after
Heap after GC invocations=13 (full 2):
 PSYoungGen      total 153088K, used 0K [0x00000007aab00000, 0x00000007b8380000, 0x00000007c0000000)
  eden space 142336K, 0% used [0x00000007aab00000,0x00000007aab00000,0x00000007b3600000)
  from space 10752K, 0% used [0x00000007b3600000,0x00000007b3600000,0x00000007b4080000)
  to   space 11264K, 0% used [0x00000007b7880000,0x00000007b7880000,0x00000007b8380000)
 ParOldGen       total 59904K, used 21117K [0x0000000780000000, 0x0000000783a80000, 0x00000007aab00000)
  object space 59904K, 35% used [0x0000000780000000,0x000000078149f7d8,0x0000000783a80000)
 Metaspace       used 33917K, capacity 35454K, committed 35496K, reserved 1079296K
  class space    used 4577K, capacity 4861K, committed 4864K, reserved 1048576K
}
Event: 23.447 GC heap before
{Heap before GC invocations=14 (full 2):
 PSYoungGen      total 153088K, used 142336K [0x00000007aab00000, 0x00000007b8380000, 0x00000007c0000000)
  eden space 142336K, 100% used [0x00000007aab00000,0x00000007b3600000,0x00000007b3600000)
  from space 10752K, 0% used [0x00000007b3600000,0x00000007b3600000,0x00000007b4080000)
  to   space 11264K, 0% used [0x00000007b7880000,0x00000007b7880000,0x00000007b8380000)
 ParOldGen       total 59904K, used 21117K [0x0000000780000000, 0x0000000783a80000, 0x00000007aab00000)
  object space 59904K, 35% used [0x0000000780000000,0x000000078149f7d8,0x0000000783a80000)
 Metaspace       used 38450K, capacity 40218K, committed 40448K, reserved 1083392K
  class space    used 5290K, capacity 5629K, committed 5632K, reserved 1048576K
Event: 23.544 GC heap after
Heap after GC invocations=14 (full 2):
 PSYoungGen      total 195584K, used 8648K [0x00000007aab00000, 0x00000007b8100000, 0x00000007c0000000)
  eden space 186880K, 0% used [0x00000007aab00000,0x00000007aab00000,0x00000007b6180000)
  from space 8704K, 99% used [0x00000007b7880000,0x00000007b80f2230,0x00000007b8100000)
  to   space 11776K, 0% used [0x00000007b6a00000,0x00000007b6a00000,0x00000007b7580000)
 ParOldGen       total 59904K, used 21125K [0x0000000780000000, 0x0000000783a80000, 0x00000007aab00000)
  object space 59904K, 35% used [0x0000000780000000,0x00000007814a17d8,0x0000000783a80000)
 Metaspace       used 38450K, capacity 40218K, committed 40448K, reserved 1083392K
  class space    used 5290K, capacity 5629K, committed 5632K, reserved 1048576K
}
Event: 27.990 GC heap before
{Heap before GC invocations=15 (full 2):
 PSYoungGen      total 195584K, used 195528K [0x00000007aab00000, 0x00000007b8100000, 0x00000007c0000000)
  eden space 186880K, 100% used [0x00000007aab00000,0x00000007b6180000,0x00000007b6180000)
  from space 8704K, 99% used [0x00000007b7880000,0x00000007b80f2230,0x00000007b8100000)
  to   space 11776K, 0% used [0x00000007b6a00000,0x00000007b6a00000,0x00000007b7580000)
 ParOldGen       total 59904K, used 21125K [0x0000000780000000, 0x0000000783a80000, 0x00000007aab00000)
  object space 59904K, 35% used [0x0000000780000000,0x00000007814a17d8,0x0000000783a80000)
 Metaspace       used 47090K, capacity 49386K, committed 49536K, reserved 1091584K
  class space    used 6579K, capacity 6992K, committed 7040K, reserved 1048576K
Event: 28.097 GC heap after
Heap after GC invocations=15 (full 2):
 PSYoungGen      total 207360K, used 11746K [0x00000007aab00000, 0x00000007bb400000, 0x00000007c0000000)
  eden space 195584K, 0% used [0x00000007aab00000,0x00000007aab00000,0x00000007b6a00000)
  from space 11776K, 99% used [0x00000007b6a00000,0x00000007b7578b30,0x00000007b7580000)
  to   space 14336K, 0% used [0x00000007ba600000,0x00000007ba600000,0x00000007bb400000)
 ParOldGen       total 59904K, used 24883K [0x0000000780000000, 0x0000000783a80000, 0x00000007aab00000)
  object space 59904K, 41% used [0x0000000780000000,0x000000078184cd20,0x0000000783a80000)
 Metaspace       used 47090K, capacity 49386K, committed 49536K, reserved 1091584K
  class space    used 6579K, capacity 6992K, committed 7040K, reserved 1048576K
}

